2025-06-21 14:54:22,686 - INFO -Successfully read the YAML file
2025-06-21 14:54:22,687 - INFO -Data ingestion starting with my_bucket_54321and file is Hotel_Reservations.csv
2025-06-21 14:54:22,687 - INFO -Starting data ingestion process
2025-06-21 14:54:34,637 - ERROR -Error downloading csv file
2025-06-21 14:54:34,637 - ERROR -CustomException : Error in /Users/rev.dr.sylviablessings/MLOPS-project-1/src/data_ingestion.py, line 32 : Failed to download csv file
2025-06-21 14:54:34,637 - INFO -Data Ingestion Completed
2025-06-21 14:54:34,646 - INFO -Successfully read the YAML file
2025-06-21 14:54:34,647 - INFO -Loading data from RAW directory
2025-06-21 14:54:34,647 - INFO -Loading data
2025-06-21 14:54:34,734 - INFO -Loading data
2025-06-21 14:54:34,765 - INFO -Starting Data Processing
2025-06-21 14:54:34,765 - INFO -Dropping the columns
2025-06-21 14:54:34,800 - INFO -Applying Label Encoder
2025-06-21 14:54:34,822 - INFO -Label Mappings are : 
2025-06-21 14:54:34,822 - INFO -type_of_meal_plan : {'Meal Plan 1': np.int64(0), 'Meal Plan 2': np.int64(1), 'Meal Plan 3': np.int64(2), 'Not Selected': np.int64(3)}
2025-06-21 14:54:34,822 - INFO -required_car_parking_space : {np.int64(0): np.int64(0), np.int64(1): np.int64(1)}
2025-06-21 14:54:34,822 - INFO -room_type_reserved : {'Room_Type 1': np.int64(0), 'Room_Type 2': np.int64(1), 'Room_Type 3': np.int64(2), 'Room_Type 4': np.int64(3), 'Room_Type 5': np.int64(4), 'Room_Type 6': np.int64(5), 'Room_Type 7': np.int64(6)}
2025-06-21 14:54:34,822 - INFO -market_segment_type : {'Aviation': np.int64(0), 'Complementary': np.int64(1), 'Corporate': np.int64(2), 'Offline': np.int64(3), 'Online': np.int64(4)}
2025-06-21 14:54:34,822 - INFO -repeated_guest : {np.int64(0): np.int64(0), np.int64(1): np.int64(1)}
2025-06-21 14:54:34,822 - INFO -booking_status : {'Canceled': np.int64(0), 'Not_Canceled': np.int64(1)}
2025-06-21 14:54:34,822 - INFO -Performing Skewness Handling
2025-06-21 14:54:34,830 - INFO -Starting Data Processing
2025-06-21 14:54:34,830 - INFO -Dropping the columns
2025-06-21 14:54:34,838 - INFO -Applying Label Encoder
2025-06-21 14:54:34,845 - INFO -Label Mappings are : 
2025-06-21 14:54:34,846 - INFO -type_of_meal_plan : {'Meal Plan 1': np.int64(0), 'Meal Plan 2': np.int64(1), 'Meal Plan 3': np.int64(2), 'Not Selected': np.int64(3)}
2025-06-21 14:54:34,846 - INFO -required_car_parking_space : {np.int64(0): np.int64(0), np.int64(1): np.int64(1)}
2025-06-21 14:54:34,846 - INFO -room_type_reserved : {'Room_Type 1': np.int64(0), 'Room_Type 2': np.int64(1), 'Room_Type 3': np.int64(2), 'Room_Type 4': np.int64(3), 'Room_Type 5': np.int64(4), 'Room_Type 6': np.int64(5), 'Room_Type 7': np.int64(6)}
2025-06-21 14:54:34,846 - INFO -market_segment_type : {'Aviation': np.int64(0), 'Complementary': np.int64(1), 'Corporate': np.int64(2), 'Offline': np.int64(3), 'Online': np.int64(4)}
2025-06-21 14:54:34,846 - INFO -repeated_guest : {np.int64(0): np.int64(0), np.int64(1): np.int64(1)}
2025-06-21 14:54:34,846 - INFO -booking_status : {'Canceled': np.int64(0), 'Not_Canceled': np.int64(1)}
2025-06-21 14:54:34,846 - INFO -Performing Skewness Handling
2025-06-21 14:54:34,849 - INFO -Handling the Imbalanced Data
2025-06-21 14:54:35,021 - INFO -Data balanced successfully
2025-06-21 14:54:35,023 - INFO -Handling the Imbalanced Data
2025-06-21 14:54:35,063 - INFO -Data balanced successfully
2025-06-21 14:54:35,065 - INFO -Starting Feature Selection Step
2025-06-21 14:54:38,251 - INFO -Features Selected: ['lead_time' 'no_of_special_requests' 'avg_price_per_room' 'arrival_month'
 'arrival_date' 'market_segment_type' 'no_of_week_nights'
 'no_of_weekend_nights' 'type_of_meal_plan' 'room_type_reserved']
2025-06-21 14:54:38,254 - INFO -Feature Selection Completed
2025-06-21 14:54:38,270 - INFO -Saving processed data in processed dir
2025-06-21 14:54:38,380 - INFO -data saved successfully to artifacts/processed/processed_train.csv
2025-06-21 14:54:38,380 - INFO -Saving processed data in processed dir
2025-06-21 14:54:38,408 - INFO -data saved successfully to artifacts/processed/processed_test.csv
2025-06-21 14:54:38,408 - INFO -Data Processing Completed Successfully
2025-06-21 14:54:38,564 - INFO -Starting Model Training Pipeline
2025-06-21 14:54:38,564 - INFO -Start MLFlow Experimentation Tracking
2025-06-21 14:54:38,564 - INFO -Logging the training and testing dataset to MLFLOW
2025-06-21 14:54:38,569 - INFO -Loading data from artifacts/processed/processed_train.csv
2025-06-21 14:54:38,570 - INFO -Loading data
2025-06-21 14:54:38,594 - INFO -Loading data from artifacts/processed/processed_test.csv
2025-06-21 14:54:38,594 - INFO -Loading data
2025-06-21 14:54:38,606 - INFO -Data split done succesfully
2025-06-21 14:54:38,606 - INFO -Initializing our model
2025-06-21 14:54:38,606 - INFO -Starting Hyperparameter Tuning
2025-06-21 14:54:38,606 - INFO -Starting Hyperparamter tuning
2025-06-21 14:55:13,506 - INFO -Hyperparameter tuning completed
2025-06-21 14:55:13,512 - INFO -Best parameters are: {'boosting_type': 'gbdt', 'learning_rate': np.float64(0.1293700315892974), 'max_depth': 23, 'n_estimators': 314, 'num_leaves': 94}
2025-06-21 14:55:13,512 - INFO -Evaluating model
2025-06-21 14:55:13,611 - INFO -Accuracy Score: 0.8848050728041333
2025-06-21 14:55:13,611 - INFO -Precision Score: 0.866145251396648
2025-06-21 14:55:13,611 - INFO -recall: 0.9102865194927195
2025-06-21 14:55:13,611 - INFO -f1 score: 0.887667468223978
2025-06-21 14:55:13,611 - INFO -Saving the Model
2025-06-21 14:55:13,653 - INFO -Model saved to artifacts/models/lgbm_model.pkl
2025-06-21 14:55:13,653 - INFO -Logging the model into MLFLOW
2025-06-21 14:55:13,656 - INFO -Logging parameters and metrics to MLFLOW
2025-06-21 14:55:13,681 - INFO -Model Training Successfully Completed
